<?xml version="1.0" encoding="UTF-8"?>
<!-- Generated by org.testng.reporters.JUnitReportReporter -->
<testsuite hostname="Resh" failures="0" tests="2" name="com.Swaglabs.TestCase.OverviewPageTest" time="9.085" errors="0" timestamp="2024-09-19T18:10:31 IST" skipped="0">
  <testcase classname="com.Swaglabs.TestCase.OverviewPageTest" name="validateSummary" time="1.763"/>
  <testcase classname="com.Swaglabs.TestCase.OverviewPageTest" name="validateCompleteOrder" time="7.322"/>
</testsuite> <!-- com.Swaglabs.TestCase.OverviewPageTest -->
