<?xml version="1.0" encoding="UTF-8"?>
<!-- Generated by org.testng.reporters.JUnitReportReporter -->
<testsuite hostname="Resh" failures="0" tests="4" name="com.Swaglabs.TestCase.InventoryPageTest" time="3.099" errors="0" timestamp="2024-09-19T18:10:31 IST" skipped="0">
  <testcase classname="com.Swaglabs.TestCase.InventoryPageTest" name="ValidateProductDetails" time="1.157"/>
  <testcase classname="com.Swaglabs.TestCase.InventoryPageTest" name="ValidateSelection" time="0.160"/>
  <testcase classname="com.Swaglabs.TestCase.InventoryPageTest" name="ValidateAddToCart" time="0.559"/>
  <testcase classname="com.Swaglabs.TestCase.InventoryPageTest" name="openCart" time="1.223"/>
</testsuite> <!-- com.Swaglabs.TestCase.InventoryPageTest -->
