<?xml version="1.0" encoding="UTF-8"?>
<!-- Generated by org.testng.reporters.JUnitReportReporter -->
<testsuite hostname="Resh" failures="0" tests="2" name="com.Swaglabs.TestCase.LoginPageTest" time="0.697" errors="0" timestamp="2024-09-19T18:10:31 IST" skipped="0">
  <testcase classname="com.Swaglabs.TestCase.LoginPageTest" name="ValidateUrl" time="0.444"/>
  <testcase classname="com.Swaglabs.TestCase.LoginPageTest" name="ValidateTitle" time="0.253"/>
</testsuite> <!-- com.Swaglabs.TestCase.LoginPageTest -->
