<?xml version="1.0" encoding="UTF-8"?>
<!-- Generated by org.testng.reporters.JUnitReportReporter -->
<testsuite hostname="Resh" failures="0" tests="3" name="com.Swaglabs.TestCase.CartPageTest" time="23.261" errors="0" timestamp="2024-09-19T18:10:31 IST" skipped="0">
  <testcase classname="com.Swaglabs.TestCase.CartPageTest" name="ValidateRemove" time="3.552"/>
  <testcase classname="com.Swaglabs.TestCase.CartPageTest" name="validatecontinueShoping" time="16.153"/>
  <testcase classname="com.Swaglabs.TestCase.CartPageTest" name="navigateToCheckoutPage" time="3.556"/>
</testsuite> <!-- com.Swaglabs.TestCase.CartPageTest -->
