<?xml version="1.0" encoding="UTF-8"?>
<!-- Generated by org.testng.reporters.JUnitReportReporter -->
<testsuite hostname="Resh" failures="0" tests="1" name="com.Swaglabs.TestCase.CheckOutPageTest" time="4.823" errors="0" timestamp="2024-09-19T18:10:31 IST" skipped="0">
  <testcase classname="com.Swaglabs.TestCase.CheckOutPageTest" name="ValidateOverview" time="4.823"/>
</testsuite> <!-- com.Swaglabs.TestCase.CheckOutPageTest -->
