<?xml version="1.0" encoding="UTF-8"?>
<!-- Generated by org.testng.reporters.JUnitReportReporter -->
<testsuite hostname="Resh" failures="0" tests="3" name="com.Swaglabs.TestCase.CartPageTest" time="0.739" errors="0" timestamp="2024-09-30T17:38:25 IST" skipped="0">
  <testcase classname="com.Swaglabs.TestCase.CartPageTest" name="ValidateRemove" time="0.056"/>
  <testcase classname="com.Swaglabs.TestCase.CartPageTest" name="validatecontinueShoping" time="0.558"/>
  <testcase classname="com.Swaglabs.TestCase.CartPageTest" name="navigateToCheckoutPage" time="0.125"/>
</testsuite> <!-- com.Swaglabs.TestCase.CartPageTest -->
