<?xml version="1.0" encoding="UTF-8"?>
<!-- Generated by org.testng.reporters.JUnitReportReporter -->
<testsuite hostname="Resh" failures="0" tests="3" name="com.Swaglabs.TestCase.CartPageTest" time="0.515" errors="0" timestamp="2024-09-30T17:08:30 IST" skipped="0">
  <testcase classname="com.Swaglabs.TestCase.CartPageTest" name="ValidateRemove" time="0.063"/>
  <testcase classname="com.Swaglabs.TestCase.CartPageTest" name="validatecontinueShoping" time="0.386"/>
  <testcase classname="com.Swaglabs.TestCase.CartPageTest" name="navigateToCheckoutPage" time="0.066"/>
</testsuite> <!-- com.Swaglabs.TestCase.CartPageTest -->
