<?xml version="1.0" encoding="UTF-8"?>
<!-- Generated by org.testng.reporters.JUnitReportReporter -->
<testsuite hostname="Resh" failures="0" tests="4" name="com.Swaglabs.TestCase.InventoryPageTest" time="0.636" errors="0" timestamp="2024-09-30T17:38:25 IST" skipped="0">
  <testcase classname="com.Swaglabs.TestCase.InventoryPageTest" name="ValidateProductDetails" time="0.140"/>
  <testcase classname="com.Swaglabs.TestCase.InventoryPageTest" name="ValidateSelection" time="0.311"/>
  <testcase classname="com.Swaglabs.TestCase.InventoryPageTest" name="ValidateAddToCart" time="0.099"/>
  <testcase classname="com.Swaglabs.TestCase.InventoryPageTest" name="openCart" time="0.086"/>
</testsuite> <!-- com.Swaglabs.TestCase.InventoryPageTest -->
