<?xml version="1.0" encoding="UTF-8"?>
<!-- Generated by org.testng.reporters.JUnitReportReporter -->
<testsuite hostname="Resh" failures="0" tests="2" name="com.Swaglabs.TestCase.OverviewPageTest" time="0.113" errors="0" timestamp="2024-09-30T17:38:25 IST" skipped="0">
  <testcase classname="com.Swaglabs.TestCase.OverviewPageTest" name="validateSummary" time="0.031"/>
  <testcase classname="com.Swaglabs.TestCase.OverviewPageTest" name="validateCompleteOrder" time="0.082"/>
</testsuite> <!-- com.Swaglabs.TestCase.OverviewPageTest -->
