<?xml version="1.0" encoding="UTF-8"?>
<!-- Generated by org.testng.reporters.JUnitReportReporter -->
<testsuite hostname="Resh" failures="0" tests="2" name="com.Swaglabs.TestCase.OverviewPageTest" time="0.437" errors="0" timestamp="2024-09-19T13:27:33 IST" skipped="0">
  <testcase classname="com.Swaglabs.TestCase.OverviewPageTest" name="validateSummary" time="0.030"/>
  <testcase classname="com.Swaglabs.TestCase.OverviewPageTest" name="validateCompleteOrder" time="0.407"/>
</testsuite> <!-- com.Swaglabs.TestCase.OverviewPageTest -->
