<?xml version="1.0" encoding="UTF-8"?>
<!-- Generated by org.testng.reporters.JUnitReportReporter -->
<testsuite hostname="Resh" failures="0" tests="1" name="com.Swaglabs.TestCase.CheckOutPageTest" time="0.902" errors="0" timestamp="2024-09-19T13:27:33 IST" skipped="0">
  <testcase classname="com.Swaglabs.TestCase.CheckOutPageTest" name="ValidateOverview" time="0.902"/>
</testsuite> <!-- com.Swaglabs.TestCase.CheckOutPageTest -->
