<?xml version="1.0" encoding="UTF-8"?>
<!-- Generated by org.testng.reporters.JUnitReportReporter -->
<testsuite hostname="Resh" failures="0" tests="3" name="com.Swaglabs.TestCase.CartPageTest" time="0.460" errors="0" timestamp="2024-09-19T13:27:33 IST" skipped="0">
  <testcase classname="com.Swaglabs.TestCase.CartPageTest" name="ValidateRemove" time="0.050"/>
  <testcase classname="com.Swaglabs.TestCase.CartPageTest" name="validatecontinueShoping" time="0.356"/>
  <testcase classname="com.Swaglabs.TestCase.CartPageTest" name="navigateToCheckoutPage" time="0.054"/>
</testsuite> <!-- com.Swaglabs.TestCase.CartPageTest -->
