<?xml version="1.0" encoding="UTF-8"?>
<!-- Generated by org.testng.reporters.JUnitReportReporter -->
<testsuite hostname="Resh" failures="0" tests="1" name="com.Swaglabs.TestCase.CheckOutPageTest" time="0.920" errors="0" timestamp="2024-09-30T17:38:25 IST" skipped="0">
  <testcase classname="com.Swaglabs.TestCase.CheckOutPageTest" name="ValidateOverview" time="0.920"/>
</testsuite> <!-- com.Swaglabs.TestCase.CheckOutPageTest -->
