<?xml version="1.0" encoding="UTF-8"?>
<!-- Generated by org.testng.reporters.JUnitReportReporter -->
<testsuite hostname="Resh" failures="0" tests="2" name="com.Swaglabs.TestCase.LoginPageTest" time="1.145" errors="0" timestamp="2024-09-30T17:38:25 IST" skipped="0">
  <testcase classname="com.Swaglabs.TestCase.LoginPageTest" name="ValidateUrl" time="1.130"/>
  <testcase classname="com.Swaglabs.TestCase.LoginPageTest" name="ValidateTitle" time="0.015"/>
</testsuite> <!-- com.Swaglabs.TestCase.LoginPageTest -->
