<?xml version="1.0" encoding="UTF-8"?>
<!-- Generated by org.testng.reporters.JUnitReportReporter -->
<testsuite hostname="Resh" failures="0" tests="4" name="com.Swaglabs.TestCase.InventoryPageTest" time="0.496" errors="0" timestamp="2024-09-19T13:27:33 IST" skipped="0">
  <testcase classname="com.Swaglabs.TestCase.InventoryPageTest" name="ValidateProductDetails" time="0.237"/>
  <testcase classname="com.Swaglabs.TestCase.InventoryPageTest" name="ValidateSelection" time="0.138"/>
  <testcase classname="com.Swaglabs.TestCase.InventoryPageTest" name="ValidateAddToCart" time="0.058"/>
  <testcase classname="com.Swaglabs.TestCase.InventoryPageTest" name="openCart" time="0.063"/>
</testsuite> <!-- com.Swaglabs.TestCase.InventoryPageTest -->
